
*** Running vivado
    with args -log demux32.vds -m64 -product Vivado -mode batch -messageDb vivado.pb -notrace -source demux32.tcl


ECHO is off.
ECHO is off.

****** Vivado v2023.2 (64-bit)
  **** SW Build 4029153 on Fri Oct 13 20:14:34 MDT 2023
  **** IP Build 4028589 on Sat Oct 14 00:45:43 MDT 2023
  **** SharedData Build 4025554 on Tue Oct 10 17:18:54 MDT 2023
    ** Copyright 1986-2022 Xilinx, Inc. All Rights Reserved.
    ** Copyright 2022-2023 Advanced Micro Devices, Inc. All Rights Reserved.

source demux32.tcl -notrace
create_project: Time (s): cpu = 00:00:07 ; elapsed = 00:00:18 . Memory (MB): peak = 470.270 ; gain = 184.477
Command: synth_design -top demux32 -part xc7a35tcpg236-1
Starting synth_design
Attempting to get a license for feature 'Synthesis' and/or device 'xc7a35t'
INFO: [Common 17-349] Got license for feature 'Synthesis' and/or device 'xc7a35t'
INFO: [Synth 8-7079] Multithreading enabled for synth_design using a maximum of 2 processes.
INFO: [Synth 8-7078] Launching helper process for spawning children vivado processes
INFO: [Synth 8-7075] Helper process launched with PID 28652
---------------------------------------------------------------------------------
Starting Synthesize : Time (s): cpu = 00:00:18 ; elapsed = 00:00:50 . Memory (MB): peak = 917.789 ; gain = 440.391
---------------------------------------------------------------------------------
ERROR: [Synth 8-36] 'to_integer' is not declared [D:/final year/8th sem/vhdl lab/demux32/demux32.srcs/sources_1/new/demux32.vhd:50]
ERROR: [Synth 8-10949] mismatch on label; expected 'behavioral' [D:/final year/8th sem/vhdl lab/demux32/demux32.srcs/sources_1/new/demux32.vhd:54]
INFO: [Synth 8-11252] unit 'behavioral' is ignored due to previous errors [D:/final year/8th sem/vhdl lab/demux32/demux32.srcs/sources_1/new/demux32.vhd:54]
INFO: [Synth 8-10443] VHDL file 'D:/final year/8th sem/vhdl lab/demux32/demux32.srcs/sources_1/new/demux32.vhd' is ignored due to errors
INFO: [Synth 8-638] synthesizing module 'demux32' [D:/final year/8th sem/vhdl lab/demux32/demux32.srcs/sources_1/new/demux32.vhd:34]
INFO: [Synth 8-256] done synthesizing module 'demux32' (0#1) [D:/final year/8th sem/vhdl lab/demux32/demux32.srcs/sources_1/new/demux32.vhd:34]
---------------------------------------------------------------------------------
Finished Synthesize : Time (s): cpu = 00:00:22 ; elapsed = 00:01:02 . Memory (MB): peak = 1024.289 ; gain = 546.891
---------------------------------------------------------------------------------
synthesize failed
INFO: [Common 17-83] Releasing license: Synthesis
9 Infos, 0 Warnings, 0 Critical Warnings and 3 Errors encountered.
synth_design failed
ERROR: [Common 17-69] Command failed: Vivado Synthesis failed
INFO: [Common 17-206] Exiting Vivado at Sat Apr 20 16:05:39 2024...
